Используются параметры запуска из C:\Users\Admin\Desktop\WarehouseInventory\WarehouseInventory.Api\Properties\launchSettings.json...
Сборка…
info: Microsoft.Hosting.Lifetime[14]
      Now listening on: http://127.0.0.1:5087
info: Microsoft.Hosting.Lifetime[0]
      Application started. Press Ctrl+C to shut down.
info: Microsoft.Hosting.Lifetime[0]
      Hosting environment: Development
info: Microsoft.Hosting.Lifetime[0]
      Content root path: C:\Users\Admin\Desktop\WarehouseInventory\WarehouseInventory.Api
warn: Microsoft.AspNetCore.HttpsPolicy.HttpsRedirectionMiddleware[3]
      Failed to determine the https port for redirect.
info: Microsoft.EntityFrameworkCore.Database.Command[20101]
      Executed DbCommand (7ms) [Parameters=[@__normalizedEmail_0='?' (Size = 18)], CommandType='Text', CommandTimeout='30']
      SELECT EXISTS (
          SELECT 1
          FROM "Users" AS "u"
          WHERE "u"."Email" = @__normalizedEmail_0)
info: Microsoft.EntityFrameworkCore.Database.Command[20101]
      Executed DbCommand (0ms) [Parameters=[@__normalizedUserName_0='?' (Size = 6)], CommandType='Text', CommandTimeout='30']
      SELECT EXISTS (
          SELECT 1
          FROM "Users" AS "u"
          WHERE "u"."UserName" = @__normalizedUserName_0)
info: Microsoft.EntityFrameworkCore.Database.Command[20101]
      Executed DbCommand (8ms) [Parameters=[@p0='?' (DbType = Guid), @p1='?' (DbType = DateTime), @p2='?' (Size = 18), @p3='?' (Size = 84), @p4='?' (Size = 6)], CommandType='Text', CommandTimeout='30']
      INSERT INTO "Users" ("Id", "CreatedAtUtc", "Email", "PasswordHash", "UserName")
      VALUES (@p0, @p1, @p2, @p3, @p4);
info: Microsoft.EntityFrameworkCore.Database.Command[20101]
      Executed DbCommand (0ms) [Parameters=[@__normalizedEmail_0='?' (Size = 18)], CommandType='Text', CommandTimeout='30']
      SELECT "u"."Id", "u"."CreatedAtUtc", "u"."Email", "u"."PasswordHash", "u"."UserName"
      FROM "Users" AS "u"
      WHERE "u"."Email" = @__normalizedEmail_0
      LIMIT 1
info: Microsoft.EntityFrameworkCore.Database.Command[20101]
      Executed DbCommand (0ms) [Parameters=[], CommandType='Text', CommandTimeout='30']
      SELECT "i"."Id", "i"."Name", "i"."Sku", "i"."Category", "i"."UnitOfMeasure", "i"."QuantityInStock", "i"."UnitPrice", "i"."WarehouseLocation", "i"."LastUpdatedUtc"
      FROM "InventoryItems" AS "i"
      ORDER BY "i"."Name"
